{"e:\\201508node\\lectures\\18.angular\\8.test\\1.unit\\divide.js":{"path":"e:\\201508node\\lectures\\18.angular\\8.test\\1.unit\\divide.js","s":{"1":1,"2":4,"3":1,"4":3,"5":1,"6":2,"7":1,"8":1,"9":0,"10":2,"11":1},"b":{"1":[1,3],"2":[1,2],"3":[3,2],"4":[1,1]},"f":{"1":4,"2":0},"fnMap":{"1":{"name":"divide","line":1,"loc":{"start":{"line":1,"column":0},"end":{"line":1,"column":20}}},"2":{"name":"inner","line":12,"loc":{"start":{"line":12,"column":4},"end":{"line":12,"column":20}}}},"statementMap":{"1":{"start":{"line":1,"column":0},"end":{"line":16,"column":1}},"2":{"start":{"line":2,"column":4},"end":{"line":4,"column":5}},"3":{"start":{"line":3,"column":8},"end":{"line":3,"column":30}},"4":{"start":{"line":5,"column":4},"end":{"line":7,"column":5}},"5":{"start":{"line":6,"column":8},"end":{"line":6,"column":36}},"6":{"start":{"line":8,"column":4},"end":{"line":10,"column":5}},"7":{"start":{"line":9,"column":8},"end":{"line":9,"column":23}},"8":{"start":{"line":12,"column":4},"end":{"line":14,"column":5}},"9":{"start":{"line":13,"column":8},"end":{"line":13,"column":24}},"10":{"start":{"line":15,"column":4},"end":{"line":15,"column":15}},"11":{"start":{"line":17,"column":0},"end":{"line":17,"column":24}}},"branchMap":{"1":{"line":2,"type":"if","locations":[{"start":{"line":2,"column":4},"end":{"line":2,"column":4}},{"start":{"line":2,"column":4},"end":{"line":2,"column":4}}]},"2":{"line":5,"type":"if","locations":[{"start":{"line":5,"column":4},"end":{"line":5,"column":4}},{"start":{"line":5,"column":4},"end":{"line":5,"column":4}}]},"3":{"line":5,"type":"binary-expr","locations":[{"start":{"line":5,"column":7},"end":{"line":5,"column":15}},{"start":{"line":5,"column":19},"end":{"line":5,"column":27}}]},"4":{"line":8,"type":"if","locations":[{"start":{"line":8,"column":4},"end":{"line":8,"column":4}},{"start":{"line":8,"column":4},"end":{"line":8,"column":4}}]}}}}